ReferenceError: can't access lexical declaration 'C' before initialization
    NextJS 10
app-boardguru-dfcb1ha1b-h-viks-projects.vercel.app:19:33
DOMException: Node.appendChild: Cannot have more than one Element child of a Document
    NextJS 25
app-boardguru-dfcb1ha1b-h-viks-projects.vercel.app:19:33
DOMException: Node.removeChild: The node to be removed is not a child of this node
    NextJS 27
app-boardguru-dfcb1ha1b-h-viks-projects.vercel.app:19:33
DOMException: Node.appendChild: Cannot have more than one Element child of a Document
    NextJS 28
app-boardguru-dfcb1ha1b-h-viks-projects.vercel.app:19:33
DOMException: Node.removeChild: The node to be removed is not a child of this node
    NextJS 27
app-boardguru-dfcb1ha1b-h-viks-projects.vercel.app:19:33
DOMException: Node.appendChild: Cannot have more than one Element child of a Document
    NextJS 28
app-boardguru-dfcb1ha1b-h-viks-projects.vercel.app:19:33
DOMException: Node.removeChild: The node to be removed is not a child of this node
    NextJS 27
app-boardguru-dfcb1ha1b-h-viks-projects.vercel.app:19:33
DOMException: Node.appendChild: Cannot have more than one Element child of a Document
    NextJS 28
app-boardguru-dfcb1ha1b-h-viks-projects.vercel.app:19:33
DOMException: Node.removeChild: The node to be removed is not a child of this node
    NextJS 27
app-boardguru-dfcb1ha1b-h-viks-projects.vercel.app:19:33
DOMException: Node.appendChild: Cannot have more than one Element child of a Document
    NextJS 28
app-boardguru-dfcb1ha1b-h-viks-projects.vercel.app:19:33
DOMException: Node.removeChild: The node to be removed is not a child of this node
    NextJS 27
app-boardguru-dfcb1ha1b-h-viks-projects.vercel.app:19:33
DOMException: Node.appendChild: Cannot have more than one Element child of a Document
    NextJS 28
app-boardguru-dfcb1ha1b-h-viks-projects.vercel.app:19:33
DOMException: Node.removeChild: The node to be removed is not a child of this node
    NextJS 27
app-boardguru-dfcb1ha1b-h-viks-projects.vercel.app:19:33
DOMException: Node.appendChild: Cannot have more than one Element child of a Document
    NextJS 28
app-boardguru-dfcb1ha1b-h-viks-projects.vercel.app:19:33
DOMException: Node.removeChild: The node to be removed is not a child of this node
    NextJS 27
app-boardguru-dfcb1ha1b-h-viks-projects.vercel.app:19:33
DOMException: Node.appendChild: Cannot have more than one Element child of a Document
    NextJS 28
app-boardguru-dfcb1ha1b-h-viks-projects.vercel.app:19:33
DOMException: Node.removeChild: The node to be removed is not a child of this node
    NextJS 27
app-boardguru-dfcb1ha1b-h-viks-projects.vercel.app:19:33
DOMException: Node.appendChild: Cannot have more than one Element child of a Document
    NextJS 28
app-boardguru-dfcb1ha1b-h-viks-projects.vercel.app:19:33
DOMException: Node.removeChild: The node to be removed is not a child of this node
    NextJS 27
app-boardguru-dfcb1ha1b-h-viks-projects.vercel.app:19:33
DOMException: Node.appendChild: Cannot have more than one Element child of a Document
    NextJS 28
app-boardguru-dfcb1ha1b-h-viks-projects.vercel.app:19:33
DOMException: Node.removeChild: The node to be removed is not a child of this node
    NextJS 27
app-boardguru-dfcb1ha1b-h-viks-projects.vercel.app:19:33
DOMException: Node.appendChild: Cannot have more than one Element child of a Document
    NextJS 28
app-boardguru-dfcb1ha1b-h-viks-projects.vercel.app:19:33
DOMException: Node.removeChild: The node to be removed is not a child of this node
    NextJS 27
app-boardguru-dfcb1ha1b-h-viks-projects.vercel.app:19:33
DOMException: Node.appendChild: Cannot have more than one Element child of a Document
    NextJS 28
app-boardguru-dfcb1ha1b-h-viks-projects.vercel.app:19:33
DOMException: Node.removeChild: The node to be removed is not a child of this node
    NextJS 27
app-boardguru-dfcb1ha1b-h-viks-projects.vercel.app:19:33
DOMException: Node.appendChild: Cannot have more than one Element child of a Document
    NextJS 28
app-boardguru-dfcb1ha1b-h-viks-projects.vercel.app:19:33
DOMException: Node.removeChild: The node to be removed is not a child of this node
    NextJS 27
app-boardguru-dfcb1ha1b-h-viks-projects.vercel.app:19:33
DOMException: Node.appendChild: Cannot have more than one Element child of a Document
    NextJS 28
app-boardguru-dfcb1ha1b-h-viks-projects.vercel.app:19:33
DOMException: Node.removeChild: The node to be removed is not a child of this node
    NextJS 27
app-boardguru-dfcb1ha1b-h-viks-projects.vercel.app:19:33
DOMException: Node.appendChild: Cannot have more than one Element child of a Document
    NextJS 28
app-boardguru-dfcb1ha1b-h-viks-projects.vercel.app:19:33
DOMException: Node.removeChild: The node to be removed is not a child of this node
    NextJS 27
app-boardguru-dfcb1ha1b-h-viks-projects.vercel.app:19:33
DOMException: Node.appendChild: Cannot have more than one Element child of a Document
    NextJS 28
app-boardguru-dfcb1ha1b-h-viks-projects.vercel.app:19:33
DOMException: Node.removeChild: The node to be removed is not a child of this node
    NextJS 27
app-boardguru-dfcb1ha1b-h-viks-projects.vercel.app:19:33
DOMException: Node.appendChild: Cannot have more than one Element child of a Document
    NextJS 28
app-boardguru-dfcb1ha1b-h-viks-projects.vercel.app:19:33
DOMException: Node.removeChild: The node to be removed is not a child of this node
    NextJS 27
app-boardguru-dfcb1ha1b-h-viks-projects.vercel.app:19:33
DOMException: Node.appendChild: Cannot have more than one Element child of a Document
    NextJS 28
app-boardguru-dfcb1ha1b-h-viks-projects.vercel.app:19:33
DOMException: Node.removeChild: The node to be removed is not a child of this node
    NextJS 27
app-boardguru-dfcb1ha1b-h-viks-projects.vercel.app:19:33
DOMException: Node.appendChild: Cannot have more than one Element child of a Document
    NextJS 28
app-boardguru-dfcb1ha1b-h-viks-projects.vercel.app:19:33
DOMException: Node.removeChild: The node to be removed is not a child of this node
    NextJS 27
app-boardguru-dfcb1ha1b-h-viks-projects.vercel.app:19:33
DOMException: Node.appendChild: Cannot have more than one Element child of a Document
    NextJS 28
app-boardguru-dfcb1ha1b-h-viks-projects.vercel.app:19:33
DOMException: Node.removeChild: The node to be removed is not a child of this node
    NextJS 27
app-boardguru-dfcb1ha1b-h-viks-projects.vercel.app:19:33
DOMException: Node.appendChild: Cannot have more than one Element child of a Document
    NextJS 28
app-boardguru-dfcb1ha1b-h-viks-projects.vercel.app:19:33
DOMException: Node.removeChild: The node to be removed is not a child of this node
    NextJS 27
app-boardguru-dfcb1ha1b-h-viks-projects.vercel.app:19:33
DOMException: Node.appendChild: Cannot have more than one Element child of a Document
    NextJS 28
app-boardguru-dfcb1ha1b-h-viks-projects.vercel.app:19:33
DOMException: Node.removeChild: The node to be removed is not a child of this node
    NextJS 27
app-boardguru-dfcb1ha1b-h-viks-projects.vercel.app:19:33
DOMException: Node.appendChild: Cannot have more than one Element child of a Document
    NextJS 28
app-boardguru-dfcb1ha1b-h-viks-projects.vercel.app:19:33
DOMException: Node.removeChild: The node to be removed is not a child of this node
    NextJS 27
app-boardguru-dfcb1ha1b-h-viks-projects.vercel.app:19:33
DOMException: Node.appendChild: Cannot have more than one Element child of a Document
    NextJS 28
app-boardguru-dfcb1ha1b-h-viks-projects.vercel.app:19:33
DOMException: Node.removeChild: The node to be removed is not a child of this node
    NextJS 27
app-boardguru-dfcb1ha1b-h-viks-projects.vercel.app:19:33
DOMException: Node.appendChild: Cannot have more than one Element child of a Document
    NextJS 28
app-boardguru-dfcb1ha1b-h-viks-projects.vercel.app:19:33
DOMException: Node.removeChild: The node to be removed is not a child of this node
    NextJS 27
app-boardguru-dfcb1ha1b-h-viks-projects.vercel.app:19:33
DOMException: Node.appendChild: Cannot have more than one Element child of a Document
    NextJS 28
app-boardguru-dfcb1ha1b-h-viks-projects.vercel.app:19:33
DOMException: Node.removeChild: The node to be removed is not a child of this node
    NextJS 27
app-boardguru-dfcb1ha1b-h-viks-projects.vercel.app:19:33
DOMException: Node.appendChild: Cannot have more than one Element child of a Document
    NextJS 28
app-boardguru-dfcb1ha1b-h-viks-projects.vercel.app:19:33
DOMException: Node.removeChild: The node to be removed is not a child of this node
    NextJS 27
app-boardguru-dfcb1ha1b-h-viks-projects.vercel.app:19:33
DOMException: Node.appendChild: Cannot have more than one Element child of a Document
    NextJS 28
app-boardguru-dfcb1ha1b-h-viks-projects.vercel.app:19:33
DOMException: Node.removeChild: The node to be removed is not a child of this node
    NextJS 27
app-boardguru-dfcb1ha1b-h-viks-projects.vercel.app:19:33
DOMException: Node.appendChild: Cannot have more than one Element child of a Document
    NextJS 28
app-boardguru-dfcb1ha1b-h-viks-projects.vercel.app:19:33
DOMException: Node.removeChild: The node to be removed is not a child of this node
    NextJS 27
app-boardguru-dfcb1ha1b-h-viks-projects.vercel.app:19:33
DOMException: Node.appendChild: Cannot have more than one Element child of a Document
    NextJS 28
app-boardguru-dfcb1ha1b-h-viks-projects.vercel.app:19:33
DOMException: Node.removeChild: The node to be removed is not a child of this node
    NextJS 27
app-boardguru-dfcb1ha1b-h-viks-projects.vercel.app:19:33
DOMException: Node.appendChild: Cannot have more than one Element child of a Document
    NextJS 28
app-boardguru-dfcb1ha1b-h-viks-projects.vercel.app:19:33
DOMException: Node.removeChild: The node to be removed is not a child of this node
    NextJS 27
app-boardguru-dfcb1ha1b-h-viks-projects.vercel.app:19:33
DOMException: Node.appendChild: Cannot have more than one Element child of a Document
    NextJS 28
app-boardguru-dfcb1ha1b-h-viks-projects.vercel.app:19:33
DOMException: Node.removeChild: The node to be removed is not a child of this node
    NextJS 27
app-boardguru-dfcb1ha1b-h-viks-projects.vercel.app:19:33
DOMException: Node.appendChild: Cannot have more than one Element child of a Document
    NextJS 28
app-boardguru-dfcb1ha1b-h-viks-projects.vercel.app:19:33
DOMException: Node.removeChild: The node to be removed is not a child of this node
    NextJS 27
app-boardguru-dfcb1ha1b-h-viks-projects.vercel.app:19:33
DOMException: Node.appendChild: Cannot have more than one Element child of a Document
    NextJS 28
app-boardguru-dfcb1ha1b-h-viks-projects.vercel.app:19:33
DOMException: Node.removeChild: The node to be removed is not a child of this node
    NextJS 27
app-boardguru-dfcb1ha1b-h-viks-projects.vercel.app:19:33
DOMException: Node.appendChild: Cannot have more than one Element child of a Document
    NextJS 28
app-boardguru-dfcb1ha1b-h-viks-projects.vercel.app:19:33
DOMException: Node.removeChild: The node to be removed is not a child of this node
    NextJS 27
app-boardguru-dfcb1ha1b-h-viks-projects.vercel.app:19:33
DOMException: Node.appendChild: Cannot have more than one Element child of a Document
    NextJS 28
app-boardguru-dfcb1ha1b-h-viks-projects.vercel.app:19:33
DOMException: Node.removeChild: The node to be removed is not a child of this node
    NextJS 27
app-boardguru-dfcb1ha1b-h-viks-projects.vercel.app:19:33
DOMException: Node.appendChild: Cannot have more than one Element child of a Document
    NextJS 28
app-boardguru-dfcb1ha1b-h-viks-projects.vercel.app:19:33
DOMException: Node.removeChild: The node to be removed is not a child of this node
    NextJS 27
app-boardguru-dfcb1ha1b-h-viks-projects.vercel.app:19:33
DOMException: Node.appendChild: Cannot have more than one Element child of a Document
    NextJS 28
app-boardguru-dfcb1ha1b-h-viks-projects.vercel.app:19:33
DOMException: Node.removeChild: The node to be removed is not a child of this node
    NextJS 27
app-boardguru-dfcb1ha1b-h-viks-projects.vercel.app:19:33
DOMException: Node.appendChild: Cannot have more than one Element child of a Document
    NextJS 28
app-boardguru-dfcb1ha1b-h-viks-projects.vercel.app:19:33
DOMException: Node.removeChild: The node to be removed is not a child of this node
    NextJS 27
app-boardguru-dfcb1ha1b-h-viks-projects.vercel.app:19:33
DOMException: Node.appendChild: Cannot have more than one Element child of a Document
    NextJS 28
app-boardguru-dfcb1ha1b-h-viks-projects.vercel.app:19:33
DOMException: Node.removeChild: The node to be removed is not a child of this node
    NextJS 27
app-boardguru-dfcb1ha1b-h-viks-projects.vercel.app:19:33
DOMException: Node.appendChild: Cannot have more than one Element child of a Document
    NextJS 28
app-boardguru-dfcb1ha1b-h-viks-projects.vercel.app:19:33
DOMException: Node.removeChild: The node to be removed is not a child of this node
    NextJS 27
app-boardguru-dfcb1ha1b-h-viks-projects.vercel.app:19:33
DOMException: Node.appendChild: Cannot have more than one Element child of a Document
    NextJS 28
app-boardguru-dfcb1ha1b-h-viks-projects.vercel.app:19:33
DOMException: Node.removeChild: The node to be removed is not a child of this node
    NextJS 27
app-boardguru-dfcb1ha1b-h-viks-projects.vercel.app:19:33
DOMException: Node.appendChild: Cannot have more than one Element child of a Document
    NextJS 28
app-boardguru-dfcb1ha1b-h-viks-projects.vercel.app:19:33
DOMException: Node.removeChild: The node to be removed is not a child of this node
    NextJS 27
app-boardguru-dfcb1ha1b-h-viks-projects.vercel.app:19:33
DOMException: Node.appendChild: Cannot have more than one Element child of a Document
    NextJS 28
app-boardguru-dfcb1ha1b-h-viks-projects.vercel.app:19:33
DOMException: Node.removeChild: The node to be removed is not a child of this node
    NextJS 27
app-boardguru-dfcb1ha1b-h-viks-projects.vercel.app:19:33
DOMException: Node.appendChild: Cannot have more than one Element child of a Document
    NextJS 28
app-boardguru-dfcb1ha1b-h-viks-projects.vercel.app:19:33
DOMException: Node.removeChild: The node to be removed is not a child of this node
    NextJS 27
app-boardguru-dfcb1ha1b-h-viks-projects.vercel.app:19:33
DOMException: Node.appendChild: Cannot have more than one Element child of a Document
    NextJS 28
app-boardguru-dfcb1ha1b-h-viks-projects.vercel.app:19:33
DOMException: Node.removeChild: The node to be removed is not a child of this node
    NextJS 27
app-boardguru-dfcb1ha1b-h-viks-projects.vercel.app:19:33
DOMException: Node.appendChild: Cannot have more than one Element child of a Document
    NextJS 28
app-boardguru-dfcb1ha1b-h-viks-projects.vercel.app:19:33
DOMException: Node.removeChild: The node to be removed is not a child of this node
    NextJS 27
app-boardguru-dfcb1ha1b-h-viks-projects.vercel.app:19:33
DOMException: Node.appendChild: Cannot have more than one Element child of a Document
    NextJS 28
app-boardguru-dfcb1ha1b-h-viks-projects.vercel.app:19:33
DOMException: Node.removeChild: The node to be removed is not a child of this node
    NextJS 27
app-boardguru-dfcb1ha1b-h-viks-projects.vercel.app:19:33
DOMException: Node.appendChild: Cannot have more than one Element child of a Document
    NextJS 28
app-boardguru-dfcb1ha1b-h-viks-projects.vercel.app:19:33
DOMException: Node.removeChild: The node to be removed is not a child of this node
    NextJS 27
app-boardguru-dfcb1ha1b-h-viks-projects.vercel.app:19:33
DOMException: Node.appendChild: Cannot have more than one Element child of a Document
    NextJS 28
app-boardguru-dfcb1ha1b-h-viks-projects.vercel.app:19:33
Database maintenance completed 2788-96e850f407b28563.js:1:127929
Sync completed: 
Object { success: true, phase: "finalizing", processed: 0, created: 0, updated: 0, deleted: 0, errors: (6) […], conflicts: [], duration: 127, dataTransferred: 0 }
2788-96e850f407b28563.js:1:137003
